Arguments: 
  C:\Program Files\nodejs\node.exe C:\Users\Mateie\AppData\Roaming\npm\node_modules\yarn\bin\yarn.js add -D @types/simple-discord-webhook

PATH: 
  C:\Users\Mateie\bin;C:\Program Files\Git\mingw64\bin;C:\Program Files\Git\usr\local\bin;C:\Program Files\Git\usr\bin;C:\Program Files\Git\usr\bin;C:\Program Files\Git\mingw64\bin;C:\Program Files\Git\usr\bin;C:\Users\Mateie\bin;C:\Program Files\Common Files\Oracle\Java\javapath;C:\Program Files (x86)\Common Files\Oracle\Java\javapath;C:\Python310\Scripts;C:\Python310;C:\Windows\system32;C:\Windows;C:\Windows\System32\Wbem;C:\Windows\System32\WindowsPowerShell\v1.0;C:\Windows\System32\OpenSSH;C:\Program Files\NVIDIA Corporation\NVIDIA NvDLISR;C:\Program Files (x86)\NVIDIA Corporation\PhysX\Common;C:\Program Files\Git\cmd;C:\ProgramData\chocolatey\bin;C:\Program Files (x86)\Bitvise SSH Client;C:\Program Files\nodejs;C:\Program Files\dotnet;C:\Program Files (x86)\dotnet;C:\Users\Mateie\AppData\Local\Microsoft\WindowsApps;C:\Users\Mateie\AppData\Local\Programs\Microsoft VS Code\bin;C:\Users\Mateie\AppData\Roaming\npm;C:\Program Files\heroku\bin;C:\Users\Mateie\.dotnet\tools;C:\Program Files\Git\usr\bin\vendor_perl;C:\Program Files\Git\usr\bin\core_perl

Yarn version: 
  1.22.17

Node version: 
  17.4.0

Platform: 
  win32 x64

Trace: 
  Error: https://registry.yarnpkg.com/@types%2fsimple-discord-webhook: Not found
      at Request.params.callback [as _callback] (C:\Users\Mateie\AppData\Roaming\npm\node_modules\yarn\lib\cli.js:67029:18)
      at Request.self.callback (C:\Users\Mateie\AppData\Roaming\npm\node_modules\yarn\lib\cli.js:140883:22)
      at Request.emit (node:events:520:28)
      at Request.<anonymous> (C:\Users\Mateie\AppData\Roaming\npm\node_modules\yarn\lib\cli.js:141855:10)
      at Request.emit (node:events:520:28)
      at IncomingMessage.<anonymous> (C:\Users\Mateie\AppData\Roaming\npm\node_modules\yarn\lib\cli.js:141777:12)
      at Object.onceWrapper (node:events:639:28)
      at IncomingMessage.emit (node:events:532:35)
      at endReadableNT (node:internal/streams/readable:1343:12)
      at processTicksAndRejections (node:internal/process/task_queues:83:21)

npm manifest: 
  {
    "name": "stunzi-tsc",
    "version": "1.0.0",
    "description": "",
    "scripts": {
      "build": "tsc",
      "start": "rimraf ./build && yarn build && node ./build/index.js"
    },
    "keywords": [],
    "author": "",
    "license": "ISC",
    "devDependencies": {
      "@types/glob": "^7.2.0",
      "@types/node": "^17.0.21",
      "rimraf": "^3.0.2",
      "typescript": "^4.6.2"
    },
    "dependencies": {
      "@discordjs/builders": "^0.12.0",
      "@discordjs/rest": "^0.3.0",
      "ascii-table": "^0.0.9",
      "discord-api-types": "^0.29.0",
      "discord-modals": "^1.2.9",
      "discord.js": "^13.6.0",
      "dotenv": "^16.0.0",
      "glob": "^7.2.0",
      "moment": "^2.29.1",
      "simple-discord-webhooks": "^1.1.1"
    }
  }

yarn manifest: 
  No manifest

Lockfile: 
  # THIS IS AN AUTOGENERATED FILE. DO NOT EDIT THIS FILE DIRECTLY.
  # yarn lockfile v1
  
  
  "@aero/centra@^1.0.6":
    version "1.0.8"
    resolved "https://registry.yarnpkg.com/@aero/centra/-/centra-1.0.8.tgz#e73f96f96426d216c47cedadb417f82be339effa"
    integrity sha512-ku3GzR89TCFAzBqK6j41SRAUPZHYrZO57ZzuQnmanlED509sIWt362rz+Msoytq0s9V0j0TqqZCoaK/fszb07g==
  
  "@discordjs/builders@^0.11.0":
    version "0.11.0"
    resolved "https://registry.npmjs.org/@discordjs/builders/-/builders-0.11.0.tgz"
    integrity sha512-ZTB8yJdJKrKlq44dpWkNUrAtEJEq0gqpb7ASdv4vmq6/mZal5kOv312hQ56I/vxwMre+VIkoHquNUAfnTbiYtg==
    dependencies:
      "@sindresorhus/is" "^4.2.0"
      discord-api-types "^0.26.0"
      ts-mixer "^6.0.0"
      tslib "^2.3.1"
      zod "^3.11.6"
  
  "@discordjs/builders@^0.12.0":
    version "0.12.0"
    resolved "https://registry.yarnpkg.com/@discordjs/builders/-/builders-0.12.0.tgz#5f6d95d1b231fa975a7e28ca3f8098e517676887"
    integrity sha512-Vx2MjUZd6QVo1uS2uWt708Fd6cHWGFblAvbpL5EBO+kLl0BADmPwwvts+YJ/VfSywed6Vsk6K2cEooR/Ytjhjw==
    dependencies:
      "@sindresorhus/is" "^4.3.0"
      discord-api-types "^0.26.1"
      ts-mixer "^6.0.0"
      tslib "^2.3.1"
      zod "^3.11.6"
  
  "@discordjs/collection@^0.4.0":
    version "0.4.0"
    resolved "https://registry.npmjs.org/@discordjs/collection/-/collection-0.4.0.tgz"
    integrity sha512-zmjq+l/rV35kE6zRrwe8BHqV78JvIh2ybJeZavBi5NySjWXqN3hmmAKg7kYMMXSeiWtSsMoZ/+MQi0DiQWy2lw==
  
  "@discordjs/rest@^0.3.0":
    version "0.3.0"
    resolved "https://registry.yarnpkg.com/@discordjs/rest/-/rest-0.3.0.tgz#89e06a42b168c91598891d6bf860353e28fba5d2"
    integrity sha512-F9aeP3odlAlllM1ciBZLdd+adiAyBj4VaZBejj4UMj4afE2wfCkNTGvYYiRxrXUE9fN7e/BuDP2ePl0tVA2m7Q==
    dependencies:
      "@discordjs/collection" "^0.4.0"
      "@sapphire/async-queue" "^1.1.9"
      "@sapphire/snowflake" "^3.0.1"
      discord-api-types "^0.26.1"
      form-data "^4.0.0"
      node-fetch "^2.6.5"
      tslib "^2.3.1"
  
  "@sapphire/async-queue@^1.1.9":
    version "1.3.0"
    resolved "https://registry.npmjs.org/@sapphire/async-queue/-/async-queue-1.3.0.tgz"
    integrity sha512-z+CDw5X4UgIEpZL8KM+ThVx1i8V60HBg0l/oFewTNbQQeRDJHdVxHyJykv+SF1H+Rc8EkMS81VTWo95jVYgO/g==
  
  "@sapphire/snowflake@^3.0.1":
    version "3.2.0"
    resolved "https://registry.yarnpkg.com/@sapphire/snowflake/-/snowflake-3.2.0.tgz#fa915798d0a0ce5fa93b16c793185ae5d0a3f117"
    integrity sha512-tfHzY+6/5bbHdB+uNqsEQ5rhjaZAoFUrqP/l1S5jwxMdKeSCIiGkJjcE99/WGGdzyWGjTNgNVX/dt4Me/FdMlg==
  
  "@sindresorhus/is@^4.2.0", "@sindresorhus/is@^4.3.0":
    version "4.6.0"
    resolved "https://registry.npmjs.org/@sindresorhus/is/-/is-4.6.0.tgz"
    integrity sha512-t09vSN3MdfsyCHoFcTRCH/iUtG7OJ0CsjzB8cjAmKc/va/kIgeDI/TxsigdncE/4be734m0cvIYwNaV4i2XqAw==
  
  "@types/glob@^7.2.0":
    version "7.2.0"
    resolved "https://registry.npmjs.org/@types/glob/-/glob-7.2.0.tgz"
    integrity sha512-ZUxbzKl0IfJILTS6t7ip5fQQM/J3TJYubDm3nMbgubNNYS62eXeUpoLUC8/7fJNiFYHTrGPQn7hspDUzIHX3UA==
    dependencies:
      "@types/minimatch" "*"
      "@types/node" "*"
  
  "@types/minimatch@*":
    version "3.0.5"
    resolved "https://registry.npmjs.org/@types/minimatch/-/minimatch-3.0.5.tgz"
    integrity sha512-Klz949h02Gz2uZCMGwDUSDS1YBlTdDDgbWHi+81l29tQALUtvz4rAYi5uoVhE5Lagoq6DeqAUlbrHvW/mXDgdQ==
  
  "@types/node-fetch@^2.5.12":
    version "2.6.1"
    resolved "https://registry.npmjs.org/@types/node-fetch/-/node-fetch-2.6.1.tgz"
    integrity sha512-oMqjURCaxoSIsHSr1E47QHzbmzNR5rK8McHuNb11BOM9cHcIK3Avy0s/b2JlXHoQGTYS3NsvWzV1M0iK7l0wbA==
    dependencies:
      "@types/node" "*"
      form-data "^3.0.0"
  
  "@types/node@*", "@types/node@^17.0.21":
    version "17.0.21"
    resolved "https://registry.npmjs.org/@types/node/-/node-17.0.21.tgz"
    integrity sha512-DBZCJbhII3r90XbQxI8Y9IjjiiOGlZ0Hr32omXIZvwwZ7p4DMMXGrKXVyPfuoBOri9XNtL0UK69jYIBIsRX3QQ==
  
  "@types/ws@^8.2.2":
    version "8.5.3"
    resolved "https://registry.npmjs.org/@types/ws/-/ws-8.5.3.tgz"
    integrity sha512-6YOoWjruKj1uLf3INHH7D3qTXwFfEsg1kf3c0uDdSBJwfa/llkwIjrAGV7j7mVgGNbzTQ3HiHKKDXl6bJPD97w==
    dependencies:
      "@types/node" "*"
  
  ascii-table@^0.0.9:
    version "0.0.9"
    resolved "https://registry.yarnpkg.com/ascii-table/-/ascii-table-0.0.9.tgz#06a6604d6a55d4bf41a9a47d9872d7a78da31e73"
    integrity sha1-BqZgTWpV1L9BqaR9mHLXp42jHnM=
  
  asynckit@^0.4.0:
    version "0.4.0"
    resolved "https://registry.npmjs.org/asynckit/-/asynckit-0.4.0.tgz"
    integrity sha1-x57Zf380y48robyXkLzDZkdLS3k=
  
  balanced-match@^1.0.0:
    version "1.0.2"
    resolved "https://registry.npmjs.org/balanced-match/-/balanced-match-1.0.2.tgz"
    integrity sha512-3oSeUO0TMV67hN1AmbXsK4yaqU7tjiHlbxRDZOpH0KW9+CeX4bRAaX0Anxt0tx2MrpRpWwQaPwIlISEJhYU5Pw==
  
  brace-expansion@^1.1.7:
    version "1.1.11"
    resolved "https://registry.npmjs.org/brace-expansion/-/brace-expansion-1.1.11.tgz"
    integrity sha512-iCuPHDFgrHX7H2vEI/5xpz07zSHB00TpugqhmYtVmMO6518mCuRMoOYFldEBl0g187ufozdaHgWKcYFb61qGiA==
    dependencies:
      balanced-match "^1.0.0"
      concat-map "0.0.1"
  
  combined-stream@^1.0.8:
    version "1.0.8"
    resolved "https://registry.npmjs.org/combined-stream/-/combined-stream-1.0.8.tgz"
    integrity sha512-FQN4MRfuJeHf7cBbBMJFXhKSDq+2kAArBlmRBvcvFE5BB1HZKXtSFASDhdlz9zOYwxh8lDdnvmMOe/+5cdoEdg==
    dependencies:
      delayed-stream "~1.0.0"
  
  concat-map@0.0.1:
    version "0.0.1"
    resolved "https://registry.npmjs.org/concat-map/-/concat-map-0.0.1.tgz"
    integrity sha1-2Klr13/Wjfd5OnMDajug1UBdR3s=
  
  delayed-stream@~1.0.0:
    version "1.0.0"
    resolved "https://registry.npmjs.org/delayed-stream/-/delayed-stream-1.0.0.tgz"
    integrity sha1-3zrhmayt+31ECqrgsp4icrJOxhk=
  
  discord-api-types@^0.26.0, discord-api-types@^0.26.1:
    version "0.26.1"
    resolved "https://registry.npmjs.org/discord-api-types/-/discord-api-types-0.26.1.tgz"
    integrity sha512-T5PdMQ+Y1MEECYMV5wmyi9VEYPagEDEi4S0amgsszpWY0VB9JJ/hEvM6BgLhbdnKky4gfmZEXtEEtojN8ZKJQQ==
  
  discord-api-types@^0.29.0:
    version "0.29.0"
    resolved "https://registry.yarnpkg.com/discord-api-types/-/discord-api-types-0.29.0.tgz#8346352b623ddd8d8eed386b6eb758e2d82d6005"
    integrity sha512-Ekq1ICNpOTVajXKZguNFrsDeTmam+ZeA38txsNLZnANdXUjU6QBPIZLUQTC6MzigFGb0Tt8vk4xLnXmzv0shNg==
  
  discord-modals@^1.2.9:
    version "1.2.9"
    resolved "https://registry.npmjs.org/discord-modals/-/discord-modals-1.2.9.tgz"
    integrity sha512-M2FkSWpOElog6X25sMHHXaOMq9HMrgiOFmjIR8QwsDezLwLI1mnmnY2i5odGNmUAarbgvJu/nazDkjng88GBpg==
  
  discord.js@^13.6.0:
    version "13.6.0"
    resolved "https://registry.npmjs.org/discord.js/-/discord.js-13.6.0.tgz"
    integrity sha512-tXNR8zgsEPxPBvGk3AQjJ9ljIIC6/LOPjzKwpwz8Y1Q2X66Vi3ZqFgRHYwnHKC0jC0F+l4LzxlhmOJsBZDNg9g==
    dependencies:
      "@discordjs/builders" "^0.11.0"
      "@discordjs/collection" "^0.4.0"
      "@sapphire/async-queue" "^1.1.9"
      "@types/node-fetch" "^2.5.12"
      "@types/ws" "^8.2.2"
      discord-api-types "^0.26.0"
      form-data "^4.0.0"
      node-fetch "^2.6.1"
      ws "^8.4.0"
  
  dotenv@^16.0.0:
    version "16.0.0"
    resolved "https://registry.npmjs.org/dotenv/-/dotenv-16.0.0.tgz"
    integrity sha512-qD9WU0MPM4SWLPJy/r2Be+2WgQj8plChsyrCNQzW/0WjvcJQiKQJ9mH3ZgB3fxbUUxgc/11ZJ0Fi5KiimWGz2Q==
  
  form-data@^3.0.0:
    version "3.0.1"
    resolved "https://registry.npmjs.org/form-data/-/form-data-3.0.1.tgz"
    integrity sha512-RHkBKtLWUVwd7SqRIvCZMEvAMoGUp0XU+seQiZejj0COz3RI3hWP4sCv3gZWWLjJTd7rGwcsF5eKZGii0r/hbg==
    dependencies:
      asynckit "^0.4.0"
      combined-stream "^1.0.8"
      mime-types "^2.1.12"
  
  form-data@^4.0.0:
    version "4.0.0"
    resolved "https://registry.npmjs.org/form-data/-/form-data-4.0.0.tgz"
    integrity sha512-ETEklSGi5t0QMZuiXoA/Q6vcnxcLQP5vdugSpuAyi6SVGi2clPPp+xgEhuMaHC+zGgn31Kd235W35f7Hykkaww==
    dependencies:
      asynckit "^0.4.0"
      combined-stream "^1.0.8"
      mime-types "^2.1.12"
  
  fs.realpath@^1.0.0:
    version "1.0.0"
    resolved "https://registry.npmjs.org/fs.realpath/-/fs.realpath-1.0.0.tgz"
    integrity sha1-FQStJSMVjKpA20onh8sBQRmU6k8=
  
  glob@^7.1.3, glob@^7.2.0:
    version "7.2.0"
    resolved "https://registry.npmjs.org/glob/-/glob-7.2.0.tgz"
    integrity sha512-lmLf6gtyrPq8tTjSmrO94wBeQbFR3HbLHbuyD69wuyQkImp2hWqMGB47OX65FBkPffO641IP9jWa1z4ivqG26Q==
    dependencies:
      fs.realpath "^1.0.0"
      inflight "^1.0.4"
      inherits "2"
      minimatch "^3.0.4"
      once "^1.3.0"
      path-is-absolute "^1.0.0"
  
  inflight@^1.0.4:
    version "1.0.6"
    resolved "https://registry.npmjs.org/inflight/-/inflight-1.0.6.tgz"
    integrity sha1-Sb1jMdfQLQwJvJEKEHW6gWW1bfk=
    dependencies:
      once "^1.3.0"
      wrappy "1"
  
  inherits@2:
    version "2.0.4"
    resolved "https://registry.npmjs.org/inherits/-/inherits-2.0.4.tgz"
    integrity sha512-k/vGaX4/Yla3WzyMCvTQOXYeIHvqOKtnqBduzTHpzpQZzAskKMhZ2K+EnBiSM9zGSoIFeMpXKxa4dYeZIQqewQ==
  
  mime-db@1.52.0:
    version "1.52.0"
    resolved "https://registry.npmjs.org/mime-db/-/mime-db-1.52.0.tgz"
    integrity sha512-sPU4uV7dYlvtWJxwwxHD0PuihVNiE7TyAbQ5SWxDCB9mUYvOgroQOwYQQOKPJ8CIbE+1ETVlOoK1UC2nU3gYvg==
  
  mime-types@^2.1.12:
    version "2.1.35"
    resolved "https://registry.npmjs.org/mime-types/-/mime-types-2.1.35.tgz"
    integrity sha512-ZDY+bPm5zTTF+YpCrAU9nK0UgICYPT0QtT1NZWFv4s++TNkcgVaT0g6+4R2uI4MjQjzysHB1zxuWL50hzaeXiw==
    dependencies:
      mime-db "1.52.0"
  
  minimatch@^3.0.4:
    version "3.1.2"
    resolved "https://registry.npmjs.org/minimatch/-/minimatch-3.1.2.tgz"
    integrity sha512-J7p63hRiAjw1NDEww1W7i37+ByIrOWO5XQQAzZ3VOcL0PNybwpfmV/N05zFAzwQ9USyEcX6t3UO+K5aqBQOIHw==
    dependencies:
      brace-expansion "^1.1.7"
  
  moment@^2.29.1:
    version "2.29.1"
    resolved "https://registry.npmjs.org/moment/-/moment-2.29.1.tgz"
    integrity sha512-kHmoybcPV8Sqy59DwNDY3Jefr64lK/by/da0ViFcuA4DH0vQg5Q6Ze5VimxkfQNSC+Mls/Kx53s7TjP1RhFEDQ==
  
  node-fetch@^2.6.1, node-fetch@^2.6.5:
    version "2.6.7"
    resolved "https://registry.npmjs.org/node-fetch/-/node-fetch-2.6.7.tgz"
    integrity sha512-ZjMPFEfVx5j+y2yF35Kzx5sF7kDzxuDj6ziH4FFbOp87zKDZNx8yExJIb05OGF4Nlt9IHFIMBkRl41VdvcNdbQ==
    dependencies:
      whatwg-url "^5.0.0"
  
  once@^1.3.0:
    version "1.4.0"
    resolved "https://registry.npmjs.org/once/-/once-1.4.0.tgz"
    integrity sha1-WDsap3WWHUsROsF9nFC6753Xa9E=
    dependencies:
      wrappy "1"
  
  path-is-absolute@^1.0.0:
    version "1.0.1"
    resolved "https://registry.npmjs.org/path-is-absolute/-/path-is-absolute-1.0.1.tgz"
    integrity sha1-F0uSaHNVNP+8es5r9TpanhtcX18=
  
  rimraf@^3.0.2:
    version "3.0.2"
    resolved "https://registry.yarnpkg.com/rimraf/-/rimraf-3.0.2.tgz#f1a5402ba6220ad52cc1282bac1ae3aa49fd061a"
    integrity sha512-JZkJMZkAGFFPP2YqXZXPbMlMBgsxzE8ILs4lMIX/2o0L9UBw9O/Y3o6wFw/i9YLapcUJWwqbi3kdxIPdC62TIA==
    dependencies:
      glob "^7.1.3"
  
  simple-discord-webhooks@^1.1.1:
    version "1.1.1"
    resolved "https://registry.yarnpkg.com/simple-discord-webhooks/-/simple-discord-webhooks-1.1.1.tgz#bb42800657f8ad2e57b688811e280ff6bdff32e1"
    integrity sha512-oD+IoJ2YddN2dvvnSPV95gXo+yqhtsMsp5VpqOgPB6+xum5GHVWi69P5LtndUvJWB/miBTNhtK7kQ2UNX6/0yA==
    dependencies:
      "@aero/centra" "^1.0.6"
  
  tr46@~0.0.3:
    version "0.0.3"
    resolved "https://registry.npmjs.org/tr46/-/tr46-0.0.3.tgz"
    integrity sha1-gYT9NH2snNwYWZLzpmIuFLnZq2o=
  
  ts-mixer@^6.0.0:
    version "6.0.1"
    resolved "https://registry.npmjs.org/ts-mixer/-/ts-mixer-6.0.1.tgz"
    integrity sha512-hvE+ZYXuINrx6Ei6D6hz+PTim0Uf++dYbK9FFifLNwQj+RwKquhQpn868yZsCtJYiclZF1u8l6WZxxKi+vv7Rg==
  
  tslib@^2.3.1:
    version "2.3.1"
    resolved "https://registry.npmjs.org/tslib/-/tslib-2.3.1.tgz"
    integrity sha512-77EbyPPpMz+FRFRuAFlWMtmgUWGe9UOG2Z25NqCwiIjRhOf5iKGuzSe5P2w1laq+FkRy4p+PCuVkJSGkzTEKVw==
  
  typescript@^4.6.2:
    version "4.6.2"
    resolved "https://registry.npmjs.org/typescript/-/typescript-4.6.2.tgz"
    integrity sha512-HM/hFigTBHZhLXshn9sN37H085+hQGeJHJ/X7LpBWLID/fbc2acUMfU+lGD98X81sKP+pFa9f0DZmCwB9GnbAg==
  
  webidl-conversions@^3.0.0:
    version "3.0.1"
    resolved "https://registry.npmjs.org/webidl-conversions/-/webidl-conversions-3.0.1.tgz"
    integrity sha1-JFNCdeKnvGvnvIZhHMFq4KVlSHE=
  
  whatwg-url@^5.0.0:
    version "5.0.0"
    resolved "https://registry.npmjs.org/whatwg-url/-/whatwg-url-5.0.0.tgz"
    integrity sha1-lmRU6HZUYuN2RNNib2dCzotwll0=
    dependencies:
      tr46 "~0.0.3"
      webidl-conversions "^3.0.0"
  
  wrappy@1:
    version "1.0.2"
    resolved "https://registry.npmjs.org/wrappy/-/wrappy-1.0.2.tgz"
    integrity sha1-tSQ9jz7BqjXxNkYFvA0QNuMKtp8=
  
  ws@^8.4.0:
    version "8.5.0"
    resolved "https://registry.npmjs.org/ws/-/ws-8.5.0.tgz"
    integrity sha512-BWX0SWVgLPzYwF8lTzEy1egjhS4S4OEAHfsO8o65WOVsrnSRGaSiUaa9e0ggGlkMTtBlmOpEXiie9RUcBO86qg==
  
  zod@^3.11.6:
    version "3.13.4"
    resolved "https://registry.npmjs.org/zod/-/zod-3.13.4.tgz"
    integrity sha512-LZRucWt4j/ru5azOkJxCfpR87IyFDn8h2UODdqvXzZLb3K7bb9chUrUIGTy3BPsr8XnbQYfQ5Md5Hu2OYIo1mg==
